{"Z:\\nodes\\myTutorials\\vuejs\\materclass\\job-search\\src\\components\\JobListItem.vue": {"path":"Z:\\nodes\\myTutorials\\vuejs\\materclass\\job-search\\src\\components\\JobListItem.vue","all":false,"statementMap":{"0":{"start":{"line":1,"column":0},"end":{"line":1,"column":10}},"1":{"start":{"line":2,"column":0},"end":{"line":2,"column":9}},"2":{"start":{"line":3,"column":0},"end":{"line":3,"column":59}},"3":{"start":{"line":4,"column":0},"end":{"line":4,"column":56}},"4":{"start":{"line":5,"column":0},"end":{"line":5,"column":20}},"5":{"start":{"line":6,"column":0},"end":{"line":6,"column":10}},"6":{"start":{"line":7,"column":0},"end":{"line":7,"column":5}},"7":{"start":{"line":8,"column":0},"end":{"line":8,"column":39}},"8":{"start":{"line":9,"column":0},"end":{"line":9,"column":42}},"9":{"start":{"line":10,"column":0},"end":{"line":10,"column":28}},"10":{"start":{"line":11,"column":0},"end":{"line":11,"column":39}},"11":{"start":{"line":12,"column":0},"end":{"line":12,"column":58}},"12":{"start":{"line":13,"column":0},"end":{"line":13,"column":20}},"13":{"start":{"line":14,"column":0},"end":{"line":14,"column":8}},"14":{"start":{"line":15,"column":0},"end":{"line":15,"column":18}},"15":{"start":{"line":16,"column":0},"end":{"line":16,"column":46}},"16":{"start":{"line":17,"column":0},"end":{"line":17,"column":50}},"17":{"start":{"line":18,"column":0},"end":{"line":18,"column":40}},"18":{"start":{"line":19,"column":0},"end":{"line":19,"column":0}},"19":{"start":{"line":20,"column":0},"end":{"line":20,"column":40}},"20":{"start":{"line":21,"column":0},"end":{"line":21,"column":21}},"21":{"start":{"line":22,"column":0},"end":{"line":22,"column":18}},"22":{"start":{"line":23,"column":0},"end":{"line":23,"column":22}},"23":{"start":{"line":24,"column":0},"end":{"line":24,"column":0}},"24":{"start":{"line":25,"column":0},"end":{"line":25,"column":17}},"25":{"start":{"line":26,"column":0},"end":{"line":26,"column":58}},"26":{"start":{"line":27,"column":0},"end":{"line":27,"column":98}},"27":{"start":{"line":28,"column":0},"end":{"line":28,"column":30}},"28":{"start":{"line":29,"column":0},"end":{"line":29,"column":29}},"29":{"start":{"line":30,"column":0},"end":{"line":30,"column":39}},"30":{"start":{"line":31,"column":0},"end":{"line":31,"column":17}},"31":{"start":{"line":32,"column":0},"end":{"line":32,"column":0}},"32":{"start":{"line":33,"column":0},"end":{"line":33,"column":10}},"33":{"start":{"line":34,"column":0},"end":{"line":34,"column":11}},"34":{"start":{"line":35,"column":0},"end":{"line":35,"column":0}},"35":{"start":{"line":36,"column":0},"end":{"line":36,"column":8}},"36":{"start":{"line":37,"column":0},"end":{"line":37,"column":16}},"37":{"start":{"line":38,"column":0},"end":{"line":38,"column":21}},"38":{"start":{"line":39,"column":0},"end":{"line":39,"column":15}},"39":{"start":{"line":40,"column":0},"end":{"line":40,"column":11}},"40":{"start":{"line":41,"column":0},"end":{"line":41,"column":21}},"41":{"start":{"line":42,"column":0},"end":{"line":42,"column":23}},"42":{"start":{"line":43,"column":0},"end":{"line":43,"column":8}},"43":{"start":{"line":44,"column":0},"end":{"line":44,"column":3}},"44":{"start":{"line":45,"column":0},"end":{"line":45,"column":11}},"45":{"start":{"line":46,"column":0},"end":{"line":46,"column":19}},"46":{"start":{"line":47,"column":0},"end":{"line":47,"column":45}},"47":{"start":{"line":48,"column":0},"end":{"line":48,"column":6}},"48":{"start":{"line":49,"column":0},"end":{"line":49,"column":2}},"49":{"start":{"line":50,"column":0},"end":{"line":50,"column":2}},"50":{"start":{"line":51,"column":0},"end":{"line":51,"column":1}},"51":{"start":{"line":52,"column":0},"end":{"line":52,"column":9}}},"s":{"0":1,"1":1,"2":1,"3":1,"4":1,"5":1,"6":1,"7":1,"8":1,"9":1,"10":1,"11":1,"12":1,"13":1,"14":1,"15":1,"16":1,"17":1,"18":1,"19":1,"20":1,"21":1,"22":1,"23":1,"24":1,"25":1,"26":1,"27":1,"28":1,"29":1,"30":1,"31":1,"32":1,"33":1,"34":1,"35":1,"36":1,"37":1,"38":1,"39":1,"40":1,"41":1,"42":1,"43":1,"44":1,"45":1,"46":18,"47":18,"48":1,"49":1,"50":1,"51":1},"branchMap":{"0":{"type":"branch","line":46,"loc":{"start":{"line":46,"column":5},"end":{"line":48,"column":6}},"locations":[{"start":{"line":46,"column":5},"end":{"line":48,"column":6}}]}},"b":{"0":[18]},"fnMap":{"0":{"name":"jobPageHref","decl":{"start":{"line":46,"column":5},"end":{"line":48,"column":6}},"loc":{"start":{"line":46,"column":5},"end":{"line":48,"column":6}},"line":46}},"f":{"0":18}}
,"Z:\\nodes\\myTutorials\\vuejs\\materclass\\job-search\\src\\components\\JobListing.vue": {"path":"Z:\\nodes\\myTutorials\\vuejs\\materclass\\job-search\\src\\components\\JobListing.vue","all":false,"statementMap":{"0":{"start":{"line":1,"column":0},"end":{"line":1,"column":10}},"1":{"start":{"line":2,"column":0},"end":{"line":2,"column":67}},"2":{"start":{"line":3,"column":0},"end":{"line":3,"column":43}},"3":{"start":{"line":4,"column":0},"end":{"line":4,"column":52}},"4":{"start":{"line":5,"column":0},"end":{"line":5,"column":14}},"5":{"start":{"line":6,"column":0},"end":{"line":6,"column":91}},"6":{"start":{"line":7,"column":0},"end":{"line":7,"column":47}},"7":{"start":{"line":8,"column":0},"end":{"line":8,"column":17}},"8":{"start":{"line":9,"column":0},"end":{"line":9,"column":28}},"9":{"start":{"line":10,"column":0},"end":{"line":10,"column":41}},"10":{"start":{"line":11,"column":0},"end":{"line":11,"column":77}},"11":{"start":{"line":12,"column":0},"end":{"line":12,"column":17}},"12":{"start":{"line":13,"column":0},"end":{"line":13,"column":25}},"13":{"start":{"line":14,"column":0},"end":{"line":14,"column":29}},"14":{"start":{"line":15,"column":0},"end":{"line":15,"column":18}},"15":{"start":{"line":16,"column":0},"end":{"line":16,"column":17}},"16":{"start":{"line":17,"column":0},"end":{"line":17,"column":28}},"17":{"start":{"line":18,"column":0},"end":{"line":18,"column":37}},"18":{"start":{"line":19,"column":0},"end":{"line":19,"column":73}},"19":{"start":{"line":20,"column":0},"end":{"line":20,"column":17}},"20":{"start":{"line":21,"column":0},"end":{"line":21,"column":23}},"21":{"start":{"line":22,"column":0},"end":{"line":22,"column":29}},"22":{"start":{"line":23,"column":0},"end":{"line":23,"column":18}},"23":{"start":{"line":24,"column":0},"end":{"line":24,"column":14}},"24":{"start":{"line":25,"column":0},"end":{"line":25,"column":10}},"25":{"start":{"line":26,"column":0},"end":{"line":26,"column":11}},"26":{"start":{"line":27,"column":0},"end":{"line":27,"column":0}},"27":{"start":{"line":28,"column":0},"end":{"line":28,"column":8}},"28":{"start":{"line":29,"column":0},"end":{"line":29,"column":26}},"29":{"start":{"line":30,"column":0},"end":{"line":30,"column":44}},"30":{"start":{"line":31,"column":0},"end":{"line":31,"column":0}},"31":{"start":{"line":32,"column":0},"end":{"line":32,"column":0}},"32":{"start":{"line":33,"column":0},"end":{"line":33,"column":15}},"33":{"start":{"line":34,"column":0},"end":{"line":34,"column":0}},"34":{"start":{"line":35,"column":0},"end":{"line":35,"column":22}},"35":{"start":{"line":36,"column":0},"end":{"line":36,"column":29}},"36":{"start":{"line":37,"column":0},"end":{"line":37,"column":14}},"37":{"start":{"line":38,"column":0},"end":{"line":38,"column":24}},"38":{"start":{"line":39,"column":0},"end":{"line":39,"column":63}},"39":{"start":{"line":40,"column":0},"end":{"line":40,"column":42}},"40":{"start":{"line":41,"column":0},"end":{"line":41,"column":10}},"41":{"start":{"line":42,"column":0},"end":{"line":42,"column":25}},"42":{"start":{"line":43,"column":0},"end":{"line":43,"column":53}},"43":{"start":{"line":44,"column":0},"end":{"line":44,"column":30}},"44":{"start":{"line":45,"column":0},"end":{"line":45,"column":68}},"45":{"start":{"line":46,"column":0},"end":{"line":46,"column":10}},"46":{"start":{"line":47,"column":0},"end":{"line":47,"column":21}},"47":{"start":{"line":48,"column":0},"end":{"line":48,"column":53}},"48":{"start":{"line":49,"column":0},"end":{"line":49,"column":49}},"49":{"start":{"line":50,"column":0},"end":{"line":50,"column":63}},"50":{"start":{"line":51,"column":0},"end":{"line":51,"column":10}},"51":{"start":{"line":52,"column":0},"end":{"line":52,"column":0}},"52":{"start":{"line":53,"column":0},"end":{"line":53,"column":24}},"53":{"start":{"line":54,"column":0},"end":{"line":54,"column":0}},"54":{"start":{"line":55,"column":0},"end":{"line":55,"column":38}},"55":{"start":{"line":56,"column":0},"end":{"line":56,"column":62}},"56":{"start":{"line":57,"column":0},"end":{"line":57,"column":50}},"57":{"start":{"line":58,"column":0},"end":{"line":58,"column":47}},"58":{"start":{"line":59,"column":0},"end":{"line":59,"column":45}},"59":{"start":{"line":60,"column":0},"end":{"line":60,"column":43}},"60":{"start":{"line":61,"column":0},"end":{"line":61,"column":0}},"61":{"start":{"line":62,"column":0},"end":{"line":62,"column":79}},"62":{"start":{"line":63,"column":0},"end":{"line":63,"column":62}},"63":{"start":{"line":64,"column":0},"end":{"line":64,"column":40}},"64":{"start":{"line":65,"column":0},"end":{"line":65,"column":10}},"65":{"start":{"line":66,"column":0},"end":{"line":66,"column":8}},"66":{"start":{"line":67,"column":0},"end":{"line":67,"column":6}},"67":{"start":{"line":68,"column":0},"end":{"line":68,"column":11}},"68":{"start":{"line":69,"column":0},"end":{"line":69,"column":15}},"69":{"start":{"line":70,"column":0},"end":{"line":70,"column":21}},"70":{"start":{"line":71,"column":0},"end":{"line":71,"column":9}},"71":{"start":{"line":72,"column":0},"end":{"line":72,"column":6}},"72":{"start":{"line":73,"column":0},"end":{"line":73,"column":20}},"73":{"start":{"line":74,"column":0},"end":{"line":74,"column":54}},"74":{"start":{"line":75,"column":0},"end":{"line":75,"column":58}},"75":{"start":{"line":76,"column":0},"end":{"line":76,"column":81}},"76":{"start":{"line":77,"column":0},"end":{"line":77,"column":6}},"77":{"start":{"line":78,"column":0},"end":{"line":78,"column":0}},"78":{"start":{"line":79,"column":0},"end":{"line":79,"column":1}},"79":{"start":{"line":80,"column":0},"end":{"line":80,"column":9}}},"s":{"0":1,"1":1,"2":1,"3":1,"4":1,"5":1,"6":1,"7":1,"8":1,"9":1,"10":1,"11":1,"12":1,"13":1,"14":1,"15":1,"16":1,"17":1,"18":1,"19":1,"20":1,"21":1,"22":1,"23":1,"24":1,"25":1,"26":1,"27":1,"28":1,"29":1,"30":1,"31":1,"32":1,"33":1,"34":1,"35":1,"36":1,"37":1,"38":4,"39":4,"40":1,"41":1,"42":4,"43":4,"44":4,"45":1,"46":1,"47":7,"48":7,"49":7,"50":1,"51":1,"52":1,"53":7,"54":7,"55":7,"56":7,"57":7,"58":7,"59":7,"60":7,"61":7,"62":7,"63":0,"64":1,"65":1,"66":1,"67":1,"68":4,"69":4,"70":4,"71":1,"72":1,"73":4,"74":4,"75":4,"76":1,"77":1,"78":1,"79":1},"branchMap":{"0":{"type":"branch","line":38,"loc":{"start":{"line":38,"column":8},"end":{"line":41,"column":9}},"locations":[{"start":{"line":38,"column":8},"end":{"line":41,"column":9}}]},"1":{"type":"branch","line":39,"loc":{"start":{"line":39,"column":56},"end":{"line":39,"column":62}},"locations":[{"start":{"line":39,"column":56},"end":{"line":39,"column":62}}]},"2":{"type":"branch","line":42,"loc":{"start":{"line":42,"column":8},"end":{"line":46,"column":9}},"locations":[{"start":{"line":42,"column":8},"end":{"line":46,"column":9}}]},"3":{"type":"branch","line":45,"loc":{"start":{"line":45,"column":42},"end":{"line":45,"column":67}},"locations":[{"start":{"line":45,"column":42},"end":{"line":45,"column":67}}]},"4":{"type":"branch","line":47,"loc":{"start":{"line":47,"column":8},"end":{"line":51,"column":9}},"locations":[{"start":{"line":47,"column":8},"end":{"line":51,"column":9}}]},"5":{"type":"branch","line":50,"loc":{"start":{"line":50,"column":39},"end":{"line":50,"column":48}},"locations":[{"start":{"line":50,"column":39},"end":{"line":50,"column":48}}]},"6":{"type":"branch","line":50,"loc":{"start":{"line":50,"column":50},"end":{"line":50,"column":60}},"locations":[{"start":{"line":50,"column":50},"end":{"line":50,"column":60}}]},"7":{"type":"branch","line":53,"loc":{"start":{"line":53,"column":8},"end":{"line":65,"column":9}},"locations":[{"start":{"line":53,"column":8},"end":{"line":65,"column":9}}]},"8":{"type":"branch","line":63,"loc":{"start":{"line":63,"column":61},"end":{"line":65,"column":9}},"locations":[{"start":{"line":63,"column":61},"end":{"line":65,"column":9}}]},"9":{"type":"branch","line":68,"loc":{"start":{"line":68,"column":4},"end":{"line":72,"column":5}},"locations":[{"start":{"line":68,"column":4},"end":{"line":72,"column":5}}]},"10":{"type":"branch","line":73,"loc":{"start":{"line":73,"column":4},"end":{"line":77,"column":5}},"locations":[{"start":{"line":73,"column":4},"end":{"line":77,"column":5}}]}},"b":{"0":[4],"1":[1],"2":[4],"3":[2],"4":[7],"5":[2],"6":[5],"7":[7],"8":[0],"9":[4],"10":[4]},"fnMap":{"0":{"name":"isCurrentPage","decl":{"start":{"line":38,"column":8},"end":{"line":41,"column":9}},"loc":{"start":{"line":38,"column":8},"end":{"line":41,"column":9}},"line":38},"1":{"name":"isPreviousPage","decl":{"start":{"line":42,"column":8},"end":{"line":46,"column":9}},"loc":{"start":{"line":42,"column":8},"end":{"line":46,"column":9}},"line":42},"2":{"name":"isNextPage","decl":{"start":{"line":47,"column":8},"end":{"line":51,"column":9}},"loc":{"start":{"line":47,"column":8},"end":{"line":51,"column":9}},"line":47},"3":{"name":"limitResponse","decl":{"start":{"line":53,"column":8},"end":{"line":65,"column":9}},"loc":{"start":{"line":53,"column":8},"end":{"line":65,"column":9}},"line":53},"4":{"name":"data","decl":{"start":{"line":68,"column":4},"end":{"line":72,"column":5}},"loc":{"start":{"line":68,"column":4},"end":{"line":72,"column":5}},"line":68},"5":{"name":"mounted","decl":{"start":{"line":73,"column":4},"end":{"line":77,"column":5}},"loc":{"start":{"line":73,"column":4},"end":{"line":77,"column":5}},"line":73}},"f":{"0":4,"1":4,"2":7,"3":7,"4":4,"5":4}}
}
